<?xml version="1.0" encoding="UTF-8"?>
<testsuite name="HandshakeCalculatorTest" tests="14" skipped="0" failures="0" errors="0" timestamp="2023-08-01T23:51:50" hostname="DESKTOP-IDR59S8" time="0.192">
  <properties/>
  <testcase name="testReversingASingleActionYieldsTheSameAction" classname="HandshakeCalculatorTest" time="0.165"/>
  <testcase name="testThatInput1YieldsAWink" classname="HandshakeCalculatorTest" time="0.0"/>
  <testcase name="testReversingNoActionsYieldsNoActions" classname="HandshakeCalculatorTest" time="0.004"/>
  <testcase name="testThatInput8YieldsAJump" classname="HandshakeCalculatorTest" time="0.0"/>
  <testcase name="testThatHandlesMoreThanFiveBinaryPlacesWithoutReversal" classname="HandshakeCalculatorTest" time="0.001"/>
  <testcase name="testThatInput4YieldsACloseYourEyes" classname="HandshakeCalculatorTest" time="0.002"/>
  <testcase name="testInputThatYieldsAllActions" classname="HandshakeCalculatorTest" time="0.0"/>
  <testcase name="testThatInput2YieldsADoubleBlink" classname="HandshakeCalculatorTest" time="0.001"/>
  <testcase name="testInputThatYieldsAllActionsReversed" classname="HandshakeCalculatorTest" time="0.001"/>
  <testcase name="testAnInputThatYieldsTwoReversedActions" classname="HandshakeCalculatorTest" time="0.002"/>
  <testcase name="testAnInputThatYieldsTwoActions" classname="HandshakeCalculatorTest" time="0.0"/>
  <testcase name="testThatHandlesMoreThanFiveBinaryPlacesWithReversal" classname="HandshakeCalculatorTest" time="0.0"/>
  <testcase name="testThatInput0YieldsNoActions" classname="HandshakeCalculatorTest" time="0.001"/>
  <testcase name="testInputThatYieldsAllActionsFromMoreThanFiveBinaryPlaces" classname="HandshakeCalculatorTest" time="0.002"/>
  <system-out><![CDATA[]]></system-out>
  <system-err><![CDATA[]]></system-err>
</testsuite>
