<?xml version="1.0" encoding="UTF-8"?>
<testsuite name="RobotTest" tests="4" skipped="0" failures="0" errors="0" timestamp="2023-01-30T21:37:35" hostname="DESKTOP-IDR59S8" time="0.257">
  <properties/>
  <testcase name="robotNamesAreUnique" classname="RobotTest" time="0.177"/>
  <testcase name="differentRobotsHaveDifferentNames" classname="RobotTest" time="0.076"/>
  <testcase name="hasName" classname="RobotTest" time="0.001"/>
  <testcase name="resetName" classname="RobotTest" time="0.001"/>
  <system-out><![CDATA[]]></system-out>
  <system-err><![CDATA[]]></system-err>
</testsuite>
