<?xml version="1.0" encoding="UTF-8"?>
<testsuite name="NucleotideCounterTest" tests="5" skipped="0" failures="0" errors="0" timestamp="2023-07-19T22:01:28" hostname="DESKTOP-IDR59S8" time="0.157">
  <properties/>
  <testcase name="testDnaStringHasOneNucleotide" classname="NucleotideCounterTest" time="0.149"/>
  <testcase name="testDnaStringHasMultipleNucleotide" classname="NucleotideCounterTest" time="0.0"/>
  <testcase name="testEmptyDnaStringHasNoNucleotides" classname="NucleotideCounterTest" time="0.0"/>
  <testcase name="testDnaStringHasInvalidNucleotides" classname="NucleotideCounterTest" time="0.002"/>
  <testcase name="testRepetitiveSequenceWithOnlyGuanine" classname="NucleotideCounterTest" time="0.002"/>
  <system-out><![CDATA[]]></system-out>
  <system-err><![CDATA[]]></system-err>
</testsuite>
