<?xml version="1.0" encoding="UTF-8"?>
<testsuite name="WordCountTest" tests="13" skipped="0" failures="0" errors="0" timestamp="2023-01-25T22:55:47" hostname="DESKTOP-IDR59S8" time="0.024">
  <properties/>
  <testcase name="handlesExpandedLists" classname="WordCountTest" time="0.008"/>
  <testcase name="withQuotations" classname="WordCountTest" time="0.001"/>
  <testcase name="normalizeCase" classname="WordCountTest" time="0.002"/>
  <testcase name="multipleSpacesNotDetectedAsAWord" classname="WordCountTest" time="0.001"/>
  <testcase name="countOneOfEachWord" classname="WordCountTest" time="0.001"/>
  <testcase name="handlesCrampedLists" classname="WordCountTest" time="0.001"/>
  <testcase name="withApostrophes" classname="WordCountTest" time="0.001"/>
  <testcase name="countOneWord" classname="WordCountTest" time="0.0"/>
  <testcase name="alternatingWordSeperatorsNotDetectedAsAWord" classname="WordCountTest" time="0.001"/>
  <testcase name="substringsFromTheBeginning" classname="WordCountTest" time="0.002"/>
  <testcase name="multipleOccurrencesOfAWord" classname="WordCountTest" time="0.002"/>
  <testcase name="includeNumbers" classname="WordCountTest" time="0.001"/>
  <testcase name="ignorePunctuation" classname="WordCountTest" time="0.0"/>
  <system-out><![CDATA[]]></system-out>
  <system-err><![CDATA[]]></system-err>
</testsuite>
