<?xml version="1.0" encoding="UTF-8"?>
<testsuite name="PigLatinTranslatorTest" tests="22" skipped="0" failures="0" errors="0" timestamp="2023-02-01T22:38:11" hostname="DESKTOP-IDR59S8" time="0.148">
  <properties/>
  <testcase name="testYAsSecondLetterInTwoLetterWord" classname="PigLatinTranslatorTest" time="0.044"/>
  <testcase name="testAWholePhrase" classname="PigLatinTranslatorTest" time="0.002"/>
  <testcase name="testWordBeginningWithQWithoutAFollowingU" classname="PigLatinTranslatorTest" time="0.001"/>
  <testcase name="testWordBeginningWithA" classname="PigLatinTranslatorTest" time="0.001"/>
  <testcase name="testWordBeginningWithE" classname="PigLatinTranslatorTest" time="0.004"/>
  <testcase name="testWordBeginningWithI" classname="PigLatinTranslatorTest" time="0.006"/>
  <testcase name="testWordBeginningWithK" classname="PigLatinTranslatorTest" time="0.002"/>
  <testcase name="testWordBeginningWithO" classname="PigLatinTranslatorTest" time="0.002"/>
  <testcase name="testWordBeginningWithP" classname="PigLatinTranslatorTest" time="0.002"/>
  <testcase name="testWordBeginningWithU" classname="PigLatinTranslatorTest" time="0.003"/>
  <testcase name="testWordBeginningWithX" classname="PigLatinTranslatorTest" time="0.001"/>
  <testcase name="testYTreatedLikeAConsonantAtTheBeginningOfAWord" classname="PigLatinTranslatorTest" time="0.026"/>
  <testcase name="testQuAndAPrecedingConsonantTreatedLikeAConsonantAtTheBeginningOfAWord" classname="PigLatinTranslatorTest" time="0.003"/>
  <testcase name="testWordBeginningWithVowelAndFollowedByQu" classname="PigLatinTranslatorTest" time="0.002"/>
  <testcase name="testThTreatedLikeAConsonantAtTheBeginningOfAWord" classname="PigLatinTranslatorTest" time="0.001"/>
  <testcase name="testSchTreatedLikeAConsonantAtTheBeginningOfAWord" classname="PigLatinTranslatorTest" time="0.007"/>
  <testcase name="testChTreatedLikeAConsonantAtTheBeginningOfAWord" classname="PigLatinTranslatorTest" time="0.001"/>
  <testcase name="testYTreatedLikeAVowelAtTheEndOfAConsonantCluster" classname="PigLatinTranslatorTest" time="0.001"/>
  <testcase name="testYtTreatedLikeAVowelAtTheBeginningOfAWord" classname="PigLatinTranslatorTest" time="0.001"/>
  <testcase name="testQuTreatedLikeAConsonantAtTheBeginningOfAWord" classname="PigLatinTranslatorTest" time="0.002"/>
  <testcase name="testThrTreatedLikeAConsonantAtTheBeginningOfAWord" classname="PigLatinTranslatorTest" time="0.004"/>
  <testcase name="testXrTreatedLikeAVowelAtTheBeginningOfAWord" classname="PigLatinTranslatorTest" time="0.003"/>
  <system-out><![CDATA[]]></system-out>
  <system-err><![CDATA[]]></system-err>
</testsuite>
